<?xml version="1.0" encoding="UTF-8"?>
<testsuite xmlns:xsi="http://www.w3.org/2001/XMLSchema-instance" xsi:noNamespaceSchemaLocation="https://maven.apache.org/surefire/maven-surefire-plugin/xsd/surefire-test-report-3.0.xsd" version="3.0" name="com.example.springbatch.SpringbatchApplicationTests" time="3.837" tests="1" errors="0" skipped="0" failures="0">
  <properties>
[...]
</properties>
  <testcase name="contextLoads" classname="com.example.springbatch.SpringbatchApplicationTests" time="0.386">
    <system-out><![CDATA[06:10:21.247 [main] INFO org.springframework.test.context.support.AnnotationConfigContextLoaderUtils -- Could not detect default configuration classes for test class [com.example.springbatch.SpringbatchApplicationTests]: SpringbatchApplicationTests does not declare any static, non-private, non-final, nested classes annotated with @Configuration.
06:10:21.358 [main] INFO org.springframework.boot.test.context.SpringBootTestContextBootstrapper -- Found @SpringBootConfiguration com.example.springbatch.SpringbatchApplication for test class com.example.springbatch.SpringbatchApplicationTests
06:10:21.532 [main] INFO org.springframework.boot.devtools.restart.RestartApplicationListener -- Restart disabled due to context in which it is running
  .   ____          _            __ _ _
 /\\ / ___'_ __ _ _(_)_ __  __ _ \ \ \ \
( ( )\___ | '_ | '_| | '_ \/ _` | \ \ \ \
 \\/  ___)| |_)| | | | | || (_| |  ) ) ) )
  '  |____| .__|_| |_|_| |_\__, | / / / /
 =========|_|==============|___/=/_/_/_/

 :: Spring Boot ::                (v3.3.0)

2024-06-01T06:10:21.772+05:30  INFO 36692 --- [springbatch] [           main] c.e.s.SpringbatchApplicationTests        : Starting SpringbatchApplicationTests using Java 21.0.2 with PID 36692 (started by sunee in C:\Sukumar\SukumarGit\springbatch)
2024-06-01T06:10:21.773+05:30  INFO 36692 --- [springbatch] [           main] c.e.s.SpringbatchApplicationTests        : No active profile set, falling back to 1 default profile: "default"
2024-06-01T06:10:22.067+05:30  INFO 36692 --- [springbatch] [           main] o.s.b.c.c.annotation.BatchRegistrar      : Finished Spring Batch infrastructure beans configuration in 3 ms.
2024-06-01T06:10:22.176+05:30  INFO 36692 --- [springbatch] [           main] .s.d.r.c.RepositoryConfigurationDelegate : Multiple Spring Data modules found, entering strict repository configuration mode
2024-06-01T06:10:22.177+05:30  INFO 36692 --- [springbatch] [           main] .s.d.r.c.RepositoryConfigurationDelegate : Bootstrapping Spring Data JDBC repositories in DEFAULT mode.
2024-06-01T06:10:22.190+05:30  INFO 36692 --- [springbatch] [           main] .s.d.r.c.RepositoryConfigurationDelegate : Finished Spring Data repository scanning in 11 ms. Found 0 JDBC repository interfaces.
2024-06-01T06:10:22.212+05:30  INFO 36692 --- [springbatch] [           main] .s.d.r.c.RepositoryConfigurationDelegate : Multiple Spring Data modules found, entering strict repository configuration mode
2024-06-01T06:10:22.214+05:30  INFO 36692 --- [springbatch] [           main] .s.d.r.c.RepositoryConfigurationDelegate : Bootstrapping Spring Data JPA repositories in DEFAULT mode.
2024-06-01T06:10:22.222+05:30  INFO 36692 --- [springbatch] [           main] .s.d.r.c.RepositoryConfigurationDelegate : Finished Spring Data repository scanning in 2 ms. Found 0 JPA repository interfaces.
2024-06-01T06:10:22.431+05:30  WARN 36692 --- [springbatch] [           main] trationDelegate$BeanPostProcessorChecker : Bean 'jobRegistry' of type [org.springframework.batch.core.configuration.support.MapJobRegistry] is not eligible for getting processed by all BeanPostProcessors (for example: not eligible for auto-proxying). Is this bean getting eagerly injected into a currently created BeanPostProcessor [jobRegistryBeanPostProcessor]? Check the corresponding BeanPostProcessor declaration and its dependencies.
2024-06-01T06:10:22.606+05:30  INFO 36692 --- [springbatch] [           main] o.hibernate.jpa.internal.util.LogHelper  : HHH000204: Processing PersistenceUnitInfo [name: default]
2024-06-01T06:10:22.695+05:30  INFO 36692 --- [springbatch] [           main] org.hibernate.Version                    : HHH000412: Hibernate ORM core version 6.5.2.Final
2024-06-01T06:10:22.733+05:30  INFO 36692 --- [springbatch] [           main] o.h.c.internal.RegionFactoryInitiator    : HHH000026: Second-level cache disabled
2024-06-01T06:10:23.084+05:30  INFO 36692 --- [springbatch] [           main] o.s.o.j.p.SpringPersistenceUnitInfo      : No LoadTimeWeaver setup: ignoring JPA class transformer
2024-06-01T06:10:23.107+05:30  INFO 36692 --- [springbatch] [           main] com.zaxxer.hikari.HikariDataSource       : HikariPool-1 - Starting...
2024-06-01T06:10:23.248+05:30  INFO 36692 --- [springbatch] [           main] com.zaxxer.hikari.pool.HikariPool        : HikariPool-1 - Added connection com.mysql.cj.jdbc.ConnectionImpl@74500e4f
2024-06-01T06:10:23.249+05:30  INFO 36692 --- [springbatch] [           main] com.zaxxer.hikari.HikariDataSource       : HikariPool-1 - Start completed.
2024-06-01T06:10:23.273+05:30  WARN 36692 --- [springbatch] [           main] org.hibernate.orm.deprecation            : HHH90000025: MySQL8Dialect does not need to be specified explicitly using 'hibernate.dialect' (remove the property setting and it will be selected by default)
2024-06-01T06:10:23.274+05:30  WARN 36692 --- [springbatch] [           main] org.hibernate.orm.deprecation            : HHH90000026: MySQL8Dialect has been deprecated; use org.hibernate.dialect.MySQLDialect instead
2024-06-01T06:10:24.014+05:30  INFO 36692 --- [springbatch] [           main] o.h.e.t.j.p.i.JtaPlatformInitiator       : HHH000489: No JTA platform available (set 'hibernate.transaction.jta.platform' to enable JTA platform integration)
Hibernate: 
    drop table if exists employee
Hibernate: 
    create table employee (
        id binary(16) not null,
        primary key (id)
    ) engine=InnoDB
2024-06-01T06:10:24.094+05:30  INFO 36692 --- [springbatch] [           main] j.LocalContainerEntityManagerFactoryBean : Initialized JPA EntityManagerFactory for persistence unit 'default'
2024-06-01T06:10:24.132+05:30  INFO 36692 --- [springbatch] [           main] o.s.b.c.r.s.JobRepositoryFactoryBean     : No database type set, using meta data indicating: MYSQL
2024-06-01T06:10:24.192+05:30  INFO 36692 --- [springbatch] [           main] .c.a.BatchObservabilityBeanPostProcessor : No Micrometer observation registry found, defaulting to ObservationRegistry.NOOP
2024-06-01T06:10:24.199+05:30  INFO 36692 --- [springbatch] [           main] .c.a.BatchObservabilityBeanPostProcessor : No Micrometer observation registry found, defaulting to ObservationRegistry.NOOP
2024-06-01T06:10:24.201+05:30  INFO 36692 --- [springbatch] [           main] .c.a.BatchObservabilityBeanPostProcessor : No Micrometer observation registry found, defaulting to ObservationRegistry.NOOP
2024-06-01T06:10:24.201+05:30  INFO 36692 --- [springbatch] [           main] .c.a.BatchObservabilityBeanPostProcessor : No Micrometer observation registry found, defaulting to ObservationRegistry.NOOP
2024-06-01T06:10:24.204+05:30  INFO 36692 --- [springbatch] [           main] o.s.b.c.l.support.SimpleJobLauncher      : No TaskExecutor has been set, defaulting to synchronous executor.
2024-06-01T06:10:24.497+05:30  INFO 36692 --- [springbatch] [           main] c.e.s.SpringbatchApplicationTests        : Started SpringbatchApplicationTests in 2.989 seconds (process running for 4.04)
]]></system-out>
    <system-err><![CDATA[WARNING: A Java agent has been loaded dynamically (C:\Users\sunee\.m2\repository\net\bytebuddy\byte-buddy-agent\1.14.16\byte-buddy-agent-1.14.16.jar)
WARNING: If a serviceability tool is in use, please run with -XX:+EnableDynamicAgentLoading to hide this warning
WARNING: If a serviceability tool is not in use, please run with -Djdk.instrument.traceUsage for more information
WARNING: Dynamic loading of agents will be disallowed by default in a future release
]]></system-err>
  </testcase>
</testsuite>